[22:35:53.239][info] [#0:/home/anatolii/.config/nvim/lsps/lua_ls/main.lua:68]: Lua Lsp startup, root: 	/home/anatolii/.config/nvim/lsps/lua_ls
[22:35:53.239][info] [#0:/home/anatolii/.config/nvim/lsps/lua_ls/main.lua:69]: ROOT:	/home/anatolii/.config/nvim/lsps/lua_ls
[22:35:53.239][info] [#0:/home/anatolii/.config/nvim/lsps/lua_ls/main.lua:70]: LOGPATH:	/home/anatolii/.config/nvim/lsps/lua_ls/log
[22:35:53.239][info] [#0:/home/anatolii/.config/nvim/lsps/lua_ls/main.lua:71]: METAPATH:	/home/anatolii/.config/nvim/lsps/lua_ls/meta
[22:35:53.240][info] [#0:/home/anatolii/.config/nvim/lsps/lua_ls/main.lua:72]: VERSION:	3.14.0
[22:35:53.267][info] [#0:script/proto/proto.lua:260]: Listen Mode: stdio
[22:35:53.267][info] [#0:script/service/service.lua:145]: 
========= Medical Examination Report =========
    --------------- Memory ---------------
        Total: 2.258 MB
        # 00 : 2.258 MB
        # 01 : 0.000 MB
        # 02 : 0.000 MB
        # 03 : 0.000 MB
        # 04 : 0.000 MB
    --------------- Coroutine ---------------
        Total:     0
        Running:   0
        Suspended: 0
        Normal:    0
        Dead:      0
    --------------- Cache ---------------
        Total: 1
        Dead:  0
    ---------------  RPC  ---------------
        Holdon:   0
        Waiting:  0
==============================================
[22:35:53.373][info] [#0:script/client.lua:657]: Client init	{
  capabilities = {
    general = {
      positionEncodings = { "utf-8", "utf-16", "utf-32" }
    },
    textDocument = {
      callHierarchy = {
        dynamicRegistration = false
      },
      codeAction = {
        codeActionLiteralSupport = {
          codeActionKind = {
            valueSet = { "", "quickfix", "refactor", "refactor.extract", "refactor.inline", "refactor.rewrite", "source", "source.organizeImports" }
          }
        },
        dataSupport = true,
        dynamicRegistration = true,
        isPreferredSupport = true,
        resolveSupport = {
          properties = { "edit", "command" }
        }
      },
      codeLens = {
        dynamicRegistration = false,
        resolveSupport = {
          properties = { "command" }
        }
      },
      completion = {
        completionItem = {
          commitCharactersSupport = true,
          deprecatedSupport = true,
          documentationFormat = { "markdown", "plaintext" },
          insertReplaceSupport = true,
          insertTextModeSupport = {
            valueSet = { 1, 2 }
          },
          labelDetailsSupport = true,
          preselectSupport = true,
          resolveSupport = {
            properties = { "documentation", "additionalTextEdits", "insertTextFormat", "insertTextMode", "command" }
          },
          snippetSupport = true,
          tagSupport = {
            valueSet = { 1 }
          }
        },
        completionItemKind = {
          valueSet = { 1, 2, 3, 4, 5, 6, 7, 8, 9, 10, 11, 12, 13, 14, 15, 16, 17, 18, 19, 20, 21, 22, 23, 24, 25 }
        },
        completionList = {
          itemDefaults = { "commitCharacters", "editRange", "insertTextFormat", "insertTextMode", "data" }
        },
        contextSupport = true,
        dynamicRegistration = false,
        insertTextMode = 1
      },
      declaration = {
        linkSupport = true
      },
      definition = {
        dynamicRegistration = true,
        linkSupport = true
      },
      diagnostic = {
        dynamicRegistration = false
      },
      documentHighlight = {
        dynamicRegistration = false
      },
      documentSymbol = {
        dynamicRegistration = false,
        hierarchicalDocumentSymbolSupport = true,
        symbolKind = {
          valueSet = { 1, 2, 3, 4, 5, 6, 7, 8, 9, 10, 11, 12, 13, 14, 15, 16, 17, 18, 19, 20, 21, 22, 23, 24, 25, 26 }
        }
      },
      foldingRange = {
        dynamicRegistration = false,
        foldingRange = {
          collapsedText = true
        },
        lineFoldingOnly = true
      },
      formatting = {
        dynamicRegistration = true
      },
      hover = {
        contentFormat = { "markdown", "plaintext" },
        dynamicRegistration = true
      },
      implementation = {
        linkSupport = true
      },
      inlayHint = {
        dynamicRegistration = true,
        resolveSupport = {
          properties = { "textEdits", "tooltip", "location", "command" }
        }
      },
      publishDiagnostics = {
        dataSupport = true,
        relatedInformation = true,
        tagSupport = {
          valueSet = { 1, 2 }
        }
      },
      rangeFormatting = {
        dynamicRegistration = true,
        rangesSupport = true
      },
      references = {
        dynamicRegistration = false
      },
      rename = {
        dynamicRegistration = true,
        prepareSupport = true
      },
      semanticTokens = {
        augmentsSyntaxTokens = true,
        dynamicRegistration = false,
        formats = { "relative" },
        multilineTokenSupport = false,
        overlappingTokenSupport = true,
        requests = {
          full = {
            delta = true
          },
          range = false
        },
        serverCancelSupport = false,
        tokenModifiers = { "declaration", "definition", "readonly", "static", "deprecated", "abstract", "async", "modification", "documentation", "defaultLibrary" },
        tokenTypes = { "namespace", "type", "class", "enum", "interface", "struct", "typeParameter", "parameter", "variable", "property", "enumMember", "event", "function", "method", "macro", "keyword", "modifier", "comment", "string", "number", "regexp", "operator", "decorator" }
      },
      signatureHelp = {
        dynamicRegistration = false,
        signatureInformation = {
          activeParameterSupport = true,
          documentationFormat = { "markdown", "plaintext" },
          parameterInformation = {
            labelOffsetSupport = true
          }
        }
      },
      synchronization = {
        didSave = true,
        dynamicRegistration = false,
        willSave = true,
        willSaveWaitUntil = true
      },
      typeDefinition = {
        linkSupport = true
      }
    },
    window = {
      showDocument = {
        support = true
      },
      showMessage = {
        messageActionItem = {
          additionalPropertiesSupport = true
        }
      },
      workDoneProgress = true
    },
    workspace = {
      applyEdit = true,
      configuration = true,
      didChangeConfiguration = {
        dynamicRegistration = false
      },
      didChangeWatchedFiles = {
        dynamicRegistration = false,
        relativePatternSupport = true
      },
      inlayHint = {
        refreshSupport = true
      },
      semanticTokens = {
        refreshSupport = true
      },
      symbol = {
        dynamicRegistration = false,
        symbolKind = {
          valueSet = { 1, 2, 3, 4, 5, 6, 7, 8, 9, 10, 11, 12, 13, 14, 15, 16, 17, 18, 19, 20, 21, 22, 23, 24, 25, 26 }
        }
      },
      workspaceEdit = {
        resourceOperations = { "rename", "create", "delete" }
      },
      workspaceFolders = true
    }
  },
  clientInfo = {
    name = "Neovim",
    version = "0.11.2+dirty"
  },
  initializationOptions = {},
  processId = 1504,
  trace = "off",
  workDoneToken = "1"
}
[22:35:53.373][info] [#0:script/language.lua:137]: VSC language: nil
[22:35:53.373][info] [#0:script/language.lua:138]: LS  language: en-us
[22:35:53.576][info] [#0:script/workspace/workspace.lua:48]: Workspace create: 	file:///home/anatolii/.config/nvim/lua/plugins
[22:35:53.576][warn] [#0:script/config/loader.lua:116]: No config?	{}
[22:35:53.576][info] [#0:script/provider/provider.lua:65]: Load config from client	fallback
[22:35:53.576][info] [#0:script/provider/provider.lua:66]: nil
[22:35:53.576][warn] [#0:script/config/loader.lua:116]: No config?	{}
[22:35:53.702][info] [#0:script/library.lua:212]: Init builtin library at:	nil
[22:35:53.714][warn] [#0:script/config/loader.lua:116]: No config?	{}
[22:35:53.714][info] [#0:script/provider/provider.lua:65]: Load config from client	fallback
[22:35:53.714][info] [#0:script/provider/provider.lua:66]: nil
[22:35:53.814][info] [#0:script/workspace/workspace.lua:324]: Preload start:	<fallback>
[22:35:53.819][info] [#0:script/workspace/workspace.lua:353]: Scan library at:	file:///home/anatolii/.config/nvim/lsps/lua_ls/meta/Lua%205.4%20en-us%20utf8/string.lua
[22:35:53.819][info] [#0:script/library.lua:212]: Init builtin library at:	file:///home/anatolii/.config/nvim/lua/plugins
[22:35:53.833][info] [#0:script/workspace/workspace.lua:353]: Scan library at:	file:///home/anatolii/.config/nvim/lsps/lua_ls/meta/Lua%205.4%20en-us%20utf8/os.lua
[22:35:53.833][info] [#0:script/workspace/workspace.lua:353]: Scan library at:	file:///home/anatolii/.config/nvim/lsps/lua_ls/meta/Lua%205.4%20en-us%20utf8/utf8.lua
[22:35:53.833][info] [#0:script/workspace/workspace.lua:353]: Scan library at:	file:///home/anatolii/.config/nvim/lsps/lua_ls/meta/Lua%205.4%20en-us%20utf8/table.lua
[22:35:53.833][info] [#0:script/workspace/workspace.lua:353]: Scan library at:	file:///home/anatolii/.config/nvim/lsps/lua_ls/meta/Lua%205.4%20en-us%20utf8/coroutine.lua
[22:35:53.833][info] [#0:script/workspace/workspace.lua:353]: Scan library at:	file:///home/anatolii/.config/nvim/lsps/lua_ls/meta/Lua%205.4%20en-us%20utf8/io.lua
[22:35:53.833][info] [#0:script/workspace/workspace.lua:353]: Scan library at:	file:///home/anatolii/.config/nvim/lsps/lua_ls/meta/Lua%205.4%20en-us%20utf8/debug.lua
[22:35:53.834][info] [#0:script/workspace/workspace.lua:353]: Scan library at:	file:///home/anatolii/.config/nvim/lsps/lua_ls/meta/Lua%205.4%20en-us%20utf8/math.lua
[22:35:53.834][info] [#0:script/workspace/workspace.lua:353]: Scan library at:	file:///home/anatolii/.config/nvim/lsps/lua_ls/meta/Lua%205.4%20en-us%20utf8/builtin.lua
[22:35:53.834][info] [#0:script/workspace/workspace.lua:353]: Scan library at:	file:///home/anatolii/.config/nvim/lsps/lua_ls/meta/Lua%205.4%20en-us%20utf8/package.lua
[22:35:53.834][info] [#0:script/workspace/workspace.lua:353]: Scan library at:	file:///home/anatolii/.config/nvim/lsps/lua_ls/meta/Lua%205.4%20en-us%20utf8/basic.lua
[22:35:53.934][info] [#0:script/workspace/workspace.lua:324]: Preload start:	file:///home/anatolii/.config/nvim/lua/plugins
[22:35:53.947][info] [#0:script/workspace/workspace.lua:330]: Scan files at:	file:///home/anatolii/.config/nvim/lua/plugins
[22:35:53.948][info] [#0:script/workspace/workspace.lua:379]: Found 11 files at:	<fallback>
[22:35:53.948][info] [#0:script/workspace/loading.lua:160]: Load files from disk:	<fallback>
[22:35:53.950][info] [#0:script/workspace/workspace.lua:353]: Scan library at:	file:///home/anatolii/.config/nvim/lsps/lua_ls/meta/Lua%205.4%20en-us%20utf8/string.lua
[22:35:53.950][info] [#0:script/workspace/workspace.lua:353]: Scan library at:	file:///home/anatolii/.config/nvim/lsps/lua_ls/meta/Lua%205.4%20en-us%20utf8/os.lua
[22:35:53.950][info] [#0:script/workspace/workspace.lua:353]: Scan library at:	file:///home/anatolii/.config/nvim/lsps/lua_ls/meta/Lua%205.4%20en-us%20utf8/utf8.lua
[22:35:53.951][info] [#0:script/workspace/loading.lua:100]: Preload file at: file:///home/anatolii/.config/nvim/lsps/lua_ls/meta/Lua%205.4%20en-us%20utf8/basic.lua , size = 15.841 KB
[22:35:53.967][info] [#0:script/workspace/loading.lua:112]: ++++As library of:	file:///home/anatolii/.config/nvim/lsps/lua_ls/meta/Lua%205.4%20en-us%20utf8/basic.lua
[22:35:53.967][info] [#0:script/workspace/loading.lua:100]: Preload file at: file:///home/anatolii/.config/nvim/lsps/lua_ls/meta/Lua%205.4%20en-us%20utf8/builtin.lua , size = 0.302 KB
[22:35:53.967][info] [#0:script/workspace/loading.lua:112]: ++++As library of:	file:///home/anatolii/.config/nvim/lsps/lua_ls/meta/Lua%205.4%20en-us%20utf8/builtin.lua
[22:35:53.967][info] [#0:script/workspace/loading.lua:100]: Preload file at: file:///home/anatolii/.config/nvim/lsps/lua_ls/meta/Lua%205.4%20en-us%20utf8/math.lua , size = 8.542 KB
[22:35:53.972][info] [#0:script/workspace/loading.lua:112]: ++++As library of:	file:///home/anatolii/.config/nvim/lsps/lua_ls/meta/Lua%205.4%20en-us%20utf8/math.lua
[22:35:53.972][info] [#0:script/workspace/loading.lua:100]: Preload file at: file:///home/anatolii/.config/nvim/lsps/lua_ls/meta/Lua%205.4%20en-us%20utf8/debug.lua , size = 7.637 KB
[22:35:53.977][info] [#0:script/workspace/loading.lua:112]: ++++As library of:	file:///home/anatolii/.config/nvim/lsps/lua_ls/meta/Lua%205.4%20en-us%20utf8/debug.lua
[22:35:53.977][info] [#0:script/workspace/loading.lua:100]: Preload file at: file:///home/anatolii/.config/nvim/lsps/lua_ls/meta/Lua%205.4%20en-us%20utf8/package.lua , size = 2.944 KB
[22:35:53.981][info] [#0:script/workspace/loading.lua:112]: ++++As library of:	file:///home/anatolii/.config/nvim/lsps/lua_ls/meta/Lua%205.4%20en-us%20utf8/package.lua
[22:35:53.981][info] [#0:script/workspace/loading.lua:100]: Preload file at: file:///home/anatolii/.config/nvim/lsps/lua_ls/meta/Lua%205.4%20en-us%20utf8/coroutine.lua , size = 2.590 KB
[22:35:53.983][info] [#0:script/workspace/loading.lua:112]: ++++As library of:	file:///home/anatolii/.config/nvim/lsps/lua_ls/meta/Lua%205.4%20en-us%20utf8/coroutine.lua
[22:35:53.983][info] [#0:script/workspace/loading.lua:100]: Preload file at: file:///home/anatolii/.config/nvim/lsps/lua_ls/meta/Lua%205.4%20en-us%20utf8/io.lua , size = 6.364 KB
[22:35:53.987][info] [#0:script/workspace/loading.lua:112]: ++++As library of:	file:///home/anatolii/.config/nvim/lsps/lua_ls/meta/Lua%205.4%20en-us%20utf8/io.lua
[22:35:53.987][info] [#0:script/workspace/loading.lua:100]: Preload file at: file:///home/anatolii/.config/nvim/lsps/lua_ls/meta/Lua%205.4%20en-us%20utf8/table.lua , size = 4.445 KB
[22:35:53.990][info] [#0:script/workspace/loading.lua:112]: ++++As library of:	file:///home/anatolii/.config/nvim/lsps/lua_ls/meta/Lua%205.4%20en-us%20utf8/table.lua
[22:35:53.990][info] [#0:script/workspace/workspace.lua:353]: Scan library at:	file:///home/anatolii/.config/nvim/lsps/lua_ls/meta/Lua%205.4%20en-us%20utf8/table.lua
[22:35:53.990][info] [#0:script/workspace/loading.lua:100]: Preload file at: file:///home/anatolii/.config/nvim/lsps/lua_ls/meta/Lua%205.4%20en-us%20utf8/utf8.lua , size = 2.386 KB
[22:35:53.991][info] [#0:script/workspace/loading.lua:112]: ++++As library of:	file:///home/anatolii/.config/nvim/lsps/lua_ls/meta/Lua%205.4%20en-us%20utf8/utf8.lua
[22:35:53.991][info] [#0:script/workspace/workspace.lua:353]: Scan library at:	file:///home/anatolii/.config/nvim/lsps/lua_ls/meta/Lua%205.4%20en-us%20utf8/coroutine.lua
[22:35:53.992][info] [#0:script/workspace/workspace.lua:353]: Scan library at:	file:///home/anatolii/.config/nvim/lsps/lua_ls/meta/Lua%205.4%20en-us%20utf8/io.lua
[22:35:53.992][info] [#0:script/workspace/loading.lua:100]: Preload file at: file:///home/anatolii/.config/nvim/lsps/lua_ls/meta/Lua%205.4%20en-us%20utf8/os.lua , size = 5.611 KB
[22:35:53.995][info] [#0:script/workspace/loading.lua:112]: ++++As library of:	file:///home/anatolii/.config/nvim/lsps/lua_ls/meta/Lua%205.4%20en-us%20utf8/os.lua
[22:35:53.995][info] [#0:script/workspace/loading.lua:100]: Preload file at: file:///home/anatolii/.config/nvim/lsps/lua_ls/meta/Lua%205.4%20en-us%20utf8/string.lua , size = 5.234 KB
[22:35:53.999][info] [#0:script/workspace/loading.lua:112]: ++++As library of:	file:///home/anatolii/.config/nvim/lsps/lua_ls/meta/Lua%205.4%20en-us%20utf8/string.lua
[22:35:53.999][info] [#0:script/workspace/workspace.lua:353]: Scan library at:	file:///home/anatolii/.config/nvim/lsps/lua_ls/meta/Lua%205.4%20en-us%20utf8/debug.lua
[22:35:53.999][info] [#0:script/workspace/loading.lua:172]: Loaded files takes [0.054] sec: <fallback>
[22:35:53.999][info] [#0:script/workspace/loading.lua:181]: Compile files takes [0.000] sec: <fallback>
[22:35:53.999][info] [#0:script/workspace/loading.lua:182]: Loaded finish:	<fallback>
[22:35:53.999][info] [#0:script/workspace/workspace.lua:381]: Preload finish at:	<fallback>
[22:35:54.000][info] [#0:script/workspace/workspace.lua:353]: Scan library at:	file:///home/anatolii/.config/nvim/lsps/lua_ls/meta/Lua%205.4%20en-us%20utf8/math.lua
[22:35:54.000][info] [#0:script/workspace/workspace.lua:353]: Scan library at:	file:///home/anatolii/.config/nvim/lsps/lua_ls/meta/Lua%205.4%20en-us%20utf8/builtin.lua
[22:35:54.001][info] [#0:script/workspace/workspace.lua:353]: Scan library at:	file:///home/anatolii/.config/nvim/lsps/lua_ls/meta/Lua%205.4%20en-us%20utf8/package.lua
[22:35:54.001][info] [#0:script/workspace/workspace.lua:353]: Scan library at:	file:///home/anatolii/.config/nvim/lsps/lua_ls/meta/Lua%205.4%20en-us%20utf8/basic.lua
[22:35:54.101][info] [#0:script/workspace/workspace.lua:379]: Found 16 files at:	file:///home/anatolii/.config/nvim/lua/plugins
[22:35:54.101][info] [#0:script/workspace/loading.lua:160]: Load files from disk:	file:///home/anatolii/.config/nvim/lua/plugins
[22:35:54.101][info] [#0:script/workspace/loading.lua:88]: Skip loaded file: file:///home/anatolii/.config/nvim/lsps/lua_ls/meta/Lua%205.4%20en-us%20utf8/basic.lua
[22:35:54.101][info] [#0:script/workspace/loading.lua:112]: ++++As library of:	file:///home/anatolii/.config/nvim/lsps/lua_ls/meta/Lua%205.4%20en-us%20utf8/basic.lua
[22:35:54.101][info] [#0:script/workspace/loading.lua:88]: Skip loaded file: file:///home/anatolii/.config/nvim/lsps/lua_ls/meta/Lua%205.4%20en-us%20utf8/package.lua
[22:35:54.101][info] [#0:script/workspace/loading.lua:112]: ++++As library of:	file:///home/anatolii/.config/nvim/lsps/lua_ls/meta/Lua%205.4%20en-us%20utf8/package.lua
[22:35:54.101][info] [#0:script/workspace/loading.lua:88]: Skip loaded file: file:///home/anatolii/.config/nvim/lsps/lua_ls/meta/Lua%205.4%20en-us%20utf8/builtin.lua
[22:35:54.101][info] [#0:script/workspace/loading.lua:112]: ++++As library of:	file:///home/anatolii/.config/nvim/lsps/lua_ls/meta/Lua%205.4%20en-us%20utf8/builtin.lua
[22:35:54.101][info] [#0:script/workspace/loading.lua:88]: Skip loaded file: file:///home/anatolii/.config/nvim/lsps/lua_ls/meta/Lua%205.4%20en-us%20utf8/math.lua
[22:35:54.101][info] [#0:script/workspace/loading.lua:112]: ++++As library of:	file:///home/anatolii/.config/nvim/lsps/lua_ls/meta/Lua%205.4%20en-us%20utf8/math.lua
[22:35:54.101][info] [#0:script/workspace/loading.lua:88]: Skip loaded file: file:///home/anatolii/.config/nvim/lsps/lua_ls/meta/Lua%205.4%20en-us%20utf8/debug.lua
[22:35:54.101][info] [#0:script/workspace/loading.lua:112]: ++++As library of:	file:///home/anatolii/.config/nvim/lsps/lua_ls/meta/Lua%205.4%20en-us%20utf8/debug.lua
[22:35:54.101][info] [#0:script/workspace/loading.lua:88]: Skip loaded file: file:///home/anatolii/.config/nvim/lsps/lua_ls/meta/Lua%205.4%20en-us%20utf8/io.lua
[22:35:54.101][info] [#0:script/workspace/loading.lua:112]: ++++As library of:	file:///home/anatolii/.config/nvim/lsps/lua_ls/meta/Lua%205.4%20en-us%20utf8/io.lua
[22:35:54.102][info] [#0:script/workspace/loading.lua:88]: Skip loaded file: file:///home/anatolii/.config/nvim/lsps/lua_ls/meta/Lua%205.4%20en-us%20utf8/coroutine.lua
[22:35:54.102][info] [#0:script/workspace/loading.lua:112]: ++++As library of:	file:///home/anatolii/.config/nvim/lsps/lua_ls/meta/Lua%205.4%20en-us%20utf8/coroutine.lua
[22:35:54.102][info] [#0:script/workspace/loading.lua:88]: Skip loaded file: file:///home/anatolii/.config/nvim/lsps/lua_ls/meta/Lua%205.4%20en-us%20utf8/table.lua
[22:35:54.102][info] [#0:script/workspace/loading.lua:112]: ++++As library of:	file:///home/anatolii/.config/nvim/lsps/lua_ls/meta/Lua%205.4%20en-us%20utf8/table.lua
[22:35:54.102][info] [#0:script/workspace/loading.lua:88]: Skip loaded file: file:///home/anatolii/.config/nvim/lsps/lua_ls/meta/Lua%205.4%20en-us%20utf8/utf8.lua
[22:35:54.102][info] [#0:script/workspace/loading.lua:112]: ++++As library of:	file:///home/anatolii/.config/nvim/lsps/lua_ls/meta/Lua%205.4%20en-us%20utf8/utf8.lua
[22:35:54.102][info] [#0:script/workspace/loading.lua:88]: Skip loaded file: file:///home/anatolii/.config/nvim/lsps/lua_ls/meta/Lua%205.4%20en-us%20utf8/os.lua
[22:35:54.107][info] [#0:script/workspace/loading.lua:112]: ++++As library of:	file:///home/anatolii/.config/nvim/lsps/lua_ls/meta/Lua%205.4%20en-us%20utf8/os.lua
[22:35:54.107][info] [#0:script/workspace/loading.lua:88]: Skip loaded file: file:///home/anatolii/.config/nvim/lsps/lua_ls/meta/Lua%205.4%20en-us%20utf8/string.lua
[22:35:54.107][info] [#0:script/workspace/loading.lua:112]: ++++As library of:	file:///home/anatolii/.config/nvim/lsps/lua_ls/meta/Lua%205.4%20en-us%20utf8/string.lua
[22:35:54.107][info] [#0:script/workspace/loading.lua:100]: Preload file at: file:///home/anatolii/.config/nvim/lua/plugins/explorer.lua , size = 0.088 KB
[22:35:54.108][info] [#0:script/workspace/loading.lua:100]: Preload file at: file:///home/anatolii/.config/nvim/lua/plugins/nvim-treesitter.lua , size = 0.770 KB
[22:35:54.108][info] [#0:script/workspace/loading.lua:88]: Skip loaded file: file:///home/anatolii/.config/nvim/lua/plugins/lsp.lua
[22:35:54.109][info] [#0:script/workspace/loading.lua:100]: Preload file at: file:///home/anatolii/.config/nvim/lua/plugins/lualine.lua , size = 0.108 KB
[22:35:54.109][info] [#0:script/workspace/loading.lua:100]: Preload file at: file:///home/anatolii/.config/nvim/lua/plugins/theme.lua , size = 0.250 KB
[22:35:54.109][info] [#0:script/workspace/loading.lua:172]: Loaded files takes [0.008] sec: file:///home/anatolii/.config/nvim/lua/plugins
[22:35:54.110][info] [#0:script/workspace/loading.lua:181]: Compile files takes [0.000] sec: file:///home/anatolii/.config/nvim/lua/plugins
[22:35:54.110][info] [#0:script/workspace/loading.lua:182]: Loaded finish:	file:///home/anatolii/.config/nvim/lua/plugins
[22:35:54.110][info] [#0:script/workspace/workspace.lua:381]: Preload finish at:	file:///home/anatolii/.config/nvim/lua/plugins
[22:35:54.116][info] [#0:script/provider/diagnostic.lua:560]: Diagnostics scope [file:///home/anatolii/.config/nvim/lua/plugins], files count:[16]
[22:35:54.177][info] [#0:script/provider/diagnostic.lua:577]: Diagnostics scope [file:///home/anatolii/.config/nvim/lua/plugins] finished, takes [0.029] sec.
[22:35:59.673][warn] [#0:script/pub/report.lua:24]: Load proto error:	Disconnected!
